<?xml version='1.0' encoding='UTF-8'?>
<testsuite hostname="AP4LLVDQ217A01" name="TestSparkWordCount" tests="1" errors="0" failures="1" skipped="0" time="0.18" timestamp="2020-08-29T17:09:09">
                     <properties>
[...]
</properties>
                     <testcase classname="TestSparkWordCount" name="SparkWordCount Test" time="0.18">
                                                 <failure message="java.lang.IllegalArgumentException: Unsupported class file major version 58" type="sbt.ForkMain$ForkError">sbt.ForkMain$ForkError: java.lang.IllegalArgumentException: Unsupported class file major version 58
	at org.apache.xbean.asm6.ClassReader.&lt;init&gt;(ClassReader.java:166)
	at org.apache.xbean.asm6.ClassReader.&lt;init&gt;(ClassReader.java:148)
	at org.apache.xbean.asm6.ClassReader.&lt;init&gt;(ClassReader.java:136)
	at org.apache.xbean.asm6.ClassReader.&lt;init&gt;(ClassReader.java:237)
	at org.apache.spark.util.ClosureCleaner$.getClassReader(ClosureCleaner.scala:49)
	at org.apache.spark.util.FieldAccessFinder$$anon$3$$anonfun$visitMethodInsn$2.apply(ClosureCleaner.scala:517)
	at org.apache.spark.util.FieldAccessFinder$$anon$3$$anonfun$visitMethodInsn$2.apply(ClosureCleaner.scala:500)
	at scala.collection.TraversableLike$WithFilter$$anonfun$foreach$1.apply(TraversableLike.scala:733)
	at scala.collection.mutable.HashMap$$anon$1$$anonfun$foreach$2.apply(HashMap.scala:134)
	at scala.collection.mutable.HashMap$$anon$1$$anonfun$foreach$2.apply(HashMap.scala:134)
	at scala.collection.mutable.HashTable$class.foreachEntry(HashTable.scala:236)
	at scala.collection.mutable.HashMap.foreachEntry(HashMap.scala:40)
	at scala.collection.mutable.HashMap$$anon$1.foreach(HashMap.scala:134)
	at scala.collection.TraversableLike$WithFilter.foreach(TraversableLike.scala:732)
	at org.apache.spark.util.FieldAccessFinder$$anon$3.visitMethodInsn(ClosureCleaner.scala:500)
	at org.apache.xbean.asm6.ClassReader.readCode(ClassReader.java:2175)
	at org.apache.xbean.asm6.ClassReader.readMethod(ClassReader.java:1238)
	at org.apache.xbean.asm6.ClassReader.accept(ClassReader.java:631)
	at org.apache.xbean.asm6.ClassReader.accept(ClassReader.java:355)
	at org.apache.spark.util.ClosureCleaner$$anonfun$org$apache$spark$util$ClosureCleaner$$clean$14.apply(ClosureCleaner.scala:307)
	at org.apache.spark.util.ClosureCleaner$$anonfun$org$apache$spark$util$ClosureCleaner$$clean$14.apply(ClosureCleaner.scala:306)
	at scala.collection.immutable.List.foreach(List.scala:392)
	at org.apache.spark.util.ClosureCleaner$.org$apache$spark$util$ClosureCleaner$$clean(ClosureCleaner.scala:306)
	at org.apache.spark.util.ClosureCleaner$.clean(ClosureCleaner.scala:162)
	at org.apache.spark.SparkContext.clean(SparkContext.scala:2326)
	at org.apache.spark.SparkContext.runJob(SparkContext.scala:2100)
	at org.apache.spark.SparkContext.runJob(SparkContext.scala:2126)
	at org.apache.spark.rdd.RDD$$anonfun$collect$1.apply(RDD.scala:945)
	at org.apache.spark.rdd.RDDOperationScope$.withScope(RDDOperationScope.scala:151)
	at org.apache.spark.rdd.RDDOperationScope$.withScope(RDDOperationScope.scala:112)
	at org.apache.spark.rdd.RDD.withScope(RDD.scala:363)
	at org.apache.spark.rdd.RDD.collect(RDD.scala:944)
	at TestSparkWordCount$$anonfun$3.apply(TestSparkWordCount.scala:32)
	at TestSparkWordCount$$anonfun$3.apply(TestSparkWordCount.scala:27)
	at org.scalatest.OutcomeOf$class.outcomeOf(OutcomeOf.scala:85)
	at org.scalatest.OutcomeOf$.outcomeOf(OutcomeOf.scala:104)
	at org.scalatest.Transformer.apply(Transformer.scala:22)
	at org.scalatest.Transformer.apply(Transformer.scala:20)
	at org.scalatest.FunSuiteLike$$anon$1.apply(FunSuiteLike.scala:186)
	at org.scalatest.TestSuite$class.withFixture(TestSuite.scala:196)
	at org.scalatest.FunSuite.withFixture(FunSuite.scala:1560)
	at org.scalatest.FunSuiteLike$class.invokeWithFixture$1(FunSuiteLike.scala:183)
	at org.scalatest.FunSuiteLike$$anonfun$runTest$1.apply(FunSuiteLike.scala:196)
	at org.scalatest.FunSuiteLike$$anonfun$runTest$1.apply(FunSuiteLike.scala:196)
	at org.scalatest.SuperEngine.runTestImpl(Engine.scala:289)
	at org.scalatest.FunSuiteLike$class.runTest(FunSuiteLike.scala:196)
	at TestSparkWordCount.org$scalatest$BeforeAndAfter$$super$runTest(TestSparkWordCount.scala:14)
	at org.scalatest.BeforeAndAfter$class.runTest(BeforeAndAfter.scala:203)
	at TestSparkWordCount.runTest(TestSparkWordCount.scala:14)
	at org.scalatest.FunSuiteLike$$anonfun$runTests$1.apply(FunSuiteLike.scala:229)
	at org.scalatest.FunSuiteLike$$anonfun$runTests$1.apply(FunSuiteLike.scala:229)
	at org.scalatest.SuperEngine$$anonfun$traverseSubNodes$1$1.apply(Engine.scala:396)
	at org.scalatest.SuperEngine$$anonfun$traverseSubNodes$1$1.apply(Engine.scala:384)
	at scala.collection.immutable.List.foreach(List.scala:392)
	at org.scalatest.SuperEngine.traverseSubNodes$1(Engine.scala:384)
	at org.scalatest.SuperEngine.org$scalatest$SuperEngine$$runTestsInBranch(Engine.scala:379)
	at org.scalatest.SuperEngine.runTestsImpl(Engine.scala:461)
	at org.scalatest.FunSuiteLike$class.runTests(FunSuiteLike.scala:229)
	at org.scalatest.FunSuite.runTests(FunSuite.scala:1560)
	at org.scalatest.Suite$class.run(Suite.scala:1147)
	at org.scalatest.FunSuite.org$scalatest$FunSuiteLike$$super$run(FunSuite.scala:1560)
	at org.scalatest.FunSuiteLike$$anonfun$run$1.apply(FunSuiteLike.scala:233)
	at org.scalatest.FunSuiteLike$$anonfun$run$1.apply(FunSuiteLike.scala:233)
	at org.scalatest.SuperEngine.runImpl(Engine.scala:521)
	at org.scalatest.FunSuiteLike$class.run(FunSuiteLike.scala:233)
	at TestSparkWordCount.org$scalatest$BeforeAndAfter$$super$run(TestSparkWordCount.scala:14)
	at org.scalatest.BeforeAndAfter$class.run(BeforeAndAfter.scala:258)
	at TestSparkWordCount.run(TestSparkWordCount.scala:14)
	at org.scalatest.tools.Framework.org$scalatest$tools$Framework$$runSuite(Framework.scala:314)
	at org.scalatest.tools.Framework$ScalaTestTask.execute(Framework.scala:480)
	at sbt.ForkMain$Run.lambda$runTest$1(ForkMain.java:304)
	at java.base/java.util.concurrent.FutureTask.run(FutureTask.java:264)
	at java.base/java.util.concurrent.ThreadPoolExecutor.runWorker(ThreadPoolExecutor.java:1130)
	at java.base/java.util.concurrent.ThreadPoolExecutor$Worker.run(ThreadPoolExecutor.java:630)
	at java.base/java.lang.Thread.run(Thread.java:832)
</failure>
                                               </testcase>
                     <system-out><![CDATA[]]></system-out>
                     <system-err><![CDATA[]]></system-err>
                   </testsuite>